MongoBulkWriteError: connection 5 to 52.55.212.240:27017 closed
    at resultHandler (/Users/quentin/Downloads/sirene-app/node_modules/mongodb/lib/bulk/common.js:391:29)
    at /Users/quentin/Downloads/sirene-app/node_modules/mongodb/lib/utils.js:498:17
    at /Users/quentin/Downloads/sirene-app/node_modules/mongodb/lib/operations/execute_operation.js:50:17
    at callbackWithRetry (/Users/quentin/Downloads/sirene-app/node_modules/mongodb/lib/operations/execute_operation.js:87:20)
    at /Users/quentin/Downloads/sirene-app/node_modules/mongodb/lib/cmap/connection_pool.js:269:25
    at Object.handleOperationResult [as cb] (/Users/quentin/Downloads/sirene-app/node_modules/mongodb/lib/sdam/server.js:363:9)
    at Connection.handleIssue (/Users/quentin/Downloads/sirene-app/node_modules/mongodb/lib/cmap/connection.js:121:20)
    at TLSSocket.<anonymous> (/Users/quentin/Downloads/sirene-app/node_modules/mongodb/lib/cmap/connection.js:62:39)
    at TLSSocket.emit (node:events:365:28)
    at node:net:661:12 {
  writeErrors: [],
  result: BulkWriteResult {
    result: {
      ok: 1,
      writeErrors: [],
      writeConcernErrors: [],
      insertedIds: [Array],
      nInserted: 30969,
      nUpserted: 0,
      nMatched: 0,
      nModified: 0,
      nRemoved: 0,
      upserted: [],
      opTime: [Object]
    }
  },
  [Symbol(errorLabels)]: Set(0) {}
}
MongoBulkWriteError: connection 3 to 52.55.212.240:27017 closed
    at resultHandler (/Users/quentin/Downloads/sirene-app/node_modules/mongodb/lib/bulk/common.js:391:29)
    at /Users/quentin/Downloads/sirene-app/node_modules/mongodb/lib/utils.js:498:17
    at /Users/quentin/Downloads/sirene-app/node_modules/mongodb/lib/operations/execute_operation.js:50:17
    at callbackWithRetry (/Users/quentin/Downloads/sirene-app/node_modules/mongodb/lib/operations/execute_operation.js:87:20)
    at /Users/quentin/Downloads/sirene-app/node_modules/mongodb/lib/cmap/connection_pool.js:269:25
    at Object.handleOperationResult [as cb] (/Users/quentin/Downloads/sirene-app/node_modules/mongodb/lib/sdam/server.js:363:9)
    at Connection.handleIssue (/Users/quentin/Downloads/sirene-app/node_modules/mongodb/lib/cmap/connection.js:121:20)
    at TLSSocket.<anonymous> (/Users/quentin/Downloads/sirene-app/node_modules/mongodb/lib/cmap/connection.js:62:39)
    at TLSSocket.emit (node:events:365:28)
    at node:net:661:12 {
  writeErrors: [],
  result: BulkWriteResult {
    result: {
      ok: 1,
      writeErrors: [],
      writeConcernErrors: [],
      insertedIds: [Array],
      nInserted: 33966,
      nUpserted: 0,
      nMatched: 0,
      nModified: 0,
      nRemoved: 0,
      upserted: [],
      opTime: [Object]
    }
  },
  [Symbol(errorLabels)]: Set(0) {}
}
MongoBulkWriteError: connection 4 to 52.55.212.240:27017 closed
    at resultHandler (/Users/quentin/Downloads/sirene-app/node_modules/mongodb/lib/bulk/common.js:391:29)
    at /Users/quentin/Downloads/sirene-app/node_modules/mongodb/lib/utils.js:498:17
    at /Users/quentin/Downloads/sirene-app/node_modules/mongodb/lib/operations/execute_operation.js:50:17
    at callbackWithRetry (/Users/quentin/Downloads/sirene-app/node_modules/mongodb/lib/operations/execute_operation.js:87:20)
    at /Users/quentin/Downloads/sirene-app/node_modules/mongodb/lib/cmap/connection_pool.js:269:25
    at Object.handleOperationResult [as cb] (/Users/quentin/Downloads/sirene-app/node_modules/mongodb/lib/sdam/server.js:363:9)
    at Connection.handleIssue (/Users/quentin/Downloads/sirene-app/node_modules/mongodb/lib/cmap/connection.js:121:20)
    at TLSSocket.<anonymous> (/Users/quentin/Downloads/sirene-app/node_modules/mongodb/lib/cmap/connection.js:62:39)
    at TLSSocket.emit (node:events:365:28)
    at node:net:661:12 {
  writeErrors: [],
  result: BulkWriteResult {
    result: {
      ok: 1,
      writeErrors: [],
      writeConcernErrors: [],
      insertedIds: [Array],
      nInserted: 30969,
      nUpserted: 0,
      nMatched: 0,
      nModified: 0,
      nRemoved: 0,
      upserted: [],
      opTime: [Object]
    }
  },
  [Symbol(errorLabels)]: Set(0) {}
}
MongoBulkWriteError: connection 5 to 52.55.212.240:27017 closed
    at resultHandler (/Users/quentin/Downloads/sirene-app/node_modules/mongodb/lib/bulk/common.js:391:29)
    at /Users/quentin/Downloads/sirene-app/node_modules/mongodb/lib/utils.js:498:17
    at /Users/quentin/Downloads/sirene-app/node_modules/mongodb/lib/operations/execute_operation.js:50:17
    at callbackWithRetry (/Users/quentin/Downloads/sirene-app/node_modules/mongodb/lib/operations/execute_operation.js:87:20)
    at /Users/quentin/Downloads/sirene-app/node_modules/mongodb/lib/cmap/connection_pool.js:269:25
    at Object.handleOperationResult [as cb] (/Users/quentin/Downloads/sirene-app/node_modules/mongodb/lib/sdam/server.js:363:9)
    at Connection.handleIssue (/Users/quentin/Downloads/sirene-app/node_modules/mongodb/lib/cmap/connection.js:121:20)
    at TLSSocket.<anonymous> (/Users/quentin/Downloads/sirene-app/node_modules/mongodb/lib/cmap/connection.js:62:39)
    at TLSSocket.emit (node:events:365:28)
    at node:net:661:12 {
  writeErrors: [],
  result: BulkWriteResult {
    result: {
      ok: 1,
      writeErrors: [],
      writeConcernErrors: [],
      insertedIds: [Array],
      nInserted: 29970,
      nUpserted: 0,
      nMatched: 0,
      nModified: 0,
      nRemoved: 0,
      upserted: [],
      opTime: [Object]
    }
  },
  [Symbol(errorLabels)]: Set(0) {}
}
MongoBulkWriteError: connection 2 to 52.55.212.240:27017 closed
    at resultHandler (/Users/quentin/Downloads/sirene-app/node_modules/mongodb/lib/bulk/common.js:391:29)
    at /Users/quentin/Downloads/sirene-app/node_modules/mongodb/lib/utils.js:498:17
    at /Users/quentin/Downloads/sirene-app/node_modules/mongodb/lib/operations/execute_operation.js:50:17
    at callbackWithRetry (/Users/quentin/Downloads/sirene-app/node_modules/mongodb/lib/operations/execute_operation.js:87:20)
    at /Users/quentin/Downloads/sirene-app/node_modules/mongodb/lib/cmap/connection_pool.js:269:25
    at Object.handleOperationResult [as cb] (/Users/quentin/Downloads/sirene-app/node_modules/mongodb/lib/sdam/server.js:363:9)
    at Connection.handleIssue (/Users/quentin/Downloads/sirene-app/node_modules/mongodb/lib/cmap/connection.js:121:20)
    at TLSSocket.<anonymous> (/Users/quentin/Downloads/sirene-app/node_modules/mongodb/lib/cmap/connection.js:62:39)
    at TLSSocket.emit (node:events:365:28)
    at node:net:661:12 {
  writeErrors: [],
  result: BulkWriteResult {
    result: {
      ok: 1,
      writeErrors: [],
      writeConcernErrors: [],
      insertedIds: [Array],
      nInserted: 29970,
      nUpserted: 0,
      nMatched: 0,
      nModified: 0,
      nRemoved: 0,
      upserted: [],
      opTime: [Object]
    }
  },
  [Symbol(errorLabels)]: Set(0) {}
}
MongoBulkWriteError: connection 3 to 52.55.212.240:27017 closed
    at resultHandler (/Users/quentin/Downloads/sirene-app/node_modules/mongodb/lib/bulk/common.js:391:29)
    at /Users/quentin/Downloads/sirene-app/node_modules/mongodb/lib/utils.js:498:17
    at /Users/quentin/Downloads/sirene-app/node_modules/mongodb/lib/operations/execute_operation.js:50:17
    at callbackWithRetry (/Users/quentin/Downloads/sirene-app/node_modules/mongodb/lib/operations/execute_operation.js:87:20)
    at /Users/quentin/Downloads/sirene-app/node_modules/mongodb/lib/cmap/connection_pool.js:269:25
    at Object.handleOperationResult [as cb] (/Users/quentin/Downloads/sirene-app/node_modules/mongodb/lib/sdam/server.js:363:9)
    at Connection.handleIssue (/Users/quentin/Downloads/sirene-app/node_modules/mongodb/lib/cmap/connection.js:121:20)
    at TLSSocket.<anonymous> (/Users/quentin/Downloads/sirene-app/node_modules/mongodb/lib/cmap/connection.js:62:39)
    at TLSSocket.emit (node:events:365:28)
    at node:net:661:12 {
  writeErrors: [],
  result: BulkWriteResult {
    result: {
      ok: 1,
      writeErrors: [],
      writeConcernErrors: [],
      insertedIds: [Array],
      nInserted: 20979,
      nUpserted: 0,
      nMatched: 0,
      nModified: 0,
      nRemoved: 0,
      upserted: [],
      opTime: [Object]
    }
  },
  [Symbol(errorLabels)]: Set(0) {}
}
MongoBulkWriteError: connection 2 to 52.55.212.240:27017 closed
    at resultHandler (/Users/quentin/Downloads/sirene-app/node_modules/mongodb/lib/bulk/common.js:391:29)
    at /Users/quentin/Downloads/sirene-app/node_modules/mongodb/lib/utils.js:498:17
    at /Users/quentin/Downloads/sirene-app/node_modules/mongodb/lib/operations/execute_operation.js:50:17
    at callbackWithRetry (/Users/quentin/Downloads/sirene-app/node_modules/mongodb/lib/operations/execute_operation.js:87:20)
    at /Users/quentin/Downloads/sirene-app/node_modules/mongodb/lib/cmap/connection_pool.js:269:25
    at Object.handleOperationResult [as cb] (/Users/quentin/Downloads/sirene-app/node_modules/mongodb/lib/sdam/server.js:363:9)
    at Connection.handleIssue (/Users/quentin/Downloads/sirene-app/node_modules/mongodb/lib/cmap/connection.js:121:20)
    at TLSSocket.<anonymous> (/Users/quentin/Downloads/sirene-app/node_modules/mongodb/lib/cmap/connection.js:62:39)
    at TLSSocket.emit (node:events:365:28)
    at node:net:661:12 {
  writeErrors: [],
  result: BulkWriteResult {
    result: {
      ok: 1,
      writeErrors: [],
      writeConcernErrors: [],
      insertedIds: [Array],
      nInserted: 29970,
      nUpserted: 0,
      nMatched: 0,
      nModified: 0,
      nRemoved: 0,
      upserted: [],
      opTime: [Object]
    }
  },
  [Symbol(errorLabels)]: Set(0) {}
}
MongoBulkWriteError: connection 2 to 52.55.212.240:27017 closed
    at resultHandler (/Users/quentin/Downloads/sirene-app/node_modules/mongodb/lib/bulk/common.js:391:29)
    at /Users/quentin/Downloads/sirene-app/node_modules/mongodb/lib/utils.js:498:17
    at /Users/quentin/Downloads/sirene-app/node_modules/mongodb/lib/operations/execute_operation.js:50:17
    at callbackWithRetry (/Users/quentin/Downloads/sirene-app/node_modules/mongodb/lib/operations/execute_operation.js:87:20)
    at /Users/quentin/Downloads/sirene-app/node_modules/mongodb/lib/cmap/connection_pool.js:269:25
    at Object.handleOperationResult [as cb] (/Users/quentin/Downloads/sirene-app/node_modules/mongodb/lib/sdam/server.js:363:9)
    at Connection.handleIssue (/Users/quentin/Downloads/sirene-app/node_modules/mongodb/lib/cmap/connection.js:121:20)
    at TLSSocket.<anonymous> (/Users/quentin/Downloads/sirene-app/node_modules/mongodb/lib/cmap/connection.js:62:39)
    at TLSSocket.emit (node:events:365:28)
    at node:net:661:12 {
  writeErrors: [],
  result: BulkWriteResult {
    result: {
      ok: 1,
      writeErrors: [],
      writeConcernErrors: [],
      insertedIds: [Array],
      nInserted: 37962,
      nUpserted: 0,
      nMatched: 0,
      nModified: 0,
      nRemoved: 0,
      upserted: [],
      opTime: [Object]
    }
  },
  [Symbol(errorLabels)]: Set(0) {}
}
MongoBulkWriteError: connection 2 to 52.55.212.240:27017 closed
    at resultHandler (/Users/quentin/Downloads/sirene-app/node_modules/mongodb/lib/bulk/common.js:391:29)
    at /Users/quentin/Downloads/sirene-app/node_modules/mongodb/lib/utils.js:498:17
    at /Users/quentin/Downloads/sirene-app/node_modules/mongodb/lib/operations/execute_operation.js:50:17
    at callbackWithRetry (/Users/quentin/Downloads/sirene-app/node_modules/mongodb/lib/operations/execute_operation.js:87:20)
    at /Users/quentin/Downloads/sirene-app/node_modules/mongodb/lib/cmap/connection_pool.js:269:25
    at Object.handleOperationResult [as cb] (/Users/quentin/Downloads/sirene-app/node_modules/mongodb/lib/sdam/server.js:363:9)
    at Connection.handleIssue (/Users/quentin/Downloads/sirene-app/node_modules/mongodb/lib/cmap/connection.js:121:20)
    at TLSSocket.<anonymous> (/Users/quentin/Downloads/sirene-app/node_modules/mongodb/lib/cmap/connection.js:62:39)
    at TLSSocket.emit (node:events:365:28)
    at node:net:661:12 {
  writeErrors: [],
  result: BulkWriteResult {
    result: {
      ok: 1,
      writeErrors: [],
      writeConcernErrors: [],
      insertedIds: [Array],
      nInserted: 25974,
      nUpserted: 0,
      nMatched: 0,
      nModified: 0,
      nRemoved: 0,
      upserted: [],
      opTime: [Object]
    }
  },
  [Symbol(errorLabels)]: Set(0) {}
}
